  billboard.cpp
  bullet.cpp
  camera.cpp
  debug.cpp
  effect.cpp
  explosion.cpp
  field.cpp
  Input.cpp
  light.cpp
  main.cpp
  meshfield.cpp
  meshwall.cpp
  model.cpp
  model_enemy.cpp
  model_object.cpp
  particle.cpp
  player.cpp
  polygon.cpp
  shadow.cpp
  wall.cpp
  コード生成しています。
  All 133 functions were compiled because no usable IPDB/IOBJ from previous compilation was found.
  コード生成が終了しました。
  3D_Base022_Reaction001.vcxproj -> C:\Users\student\Documents\Visual Studio 2015\Projects\3D_Base\3D_Base022_Reaction001\3D_Base022_Reaction001.exe
  3D_Base022_Reaction001.vcxproj -> C:\Users\student\Documents\Visual Studio 2015\Projects\3D_Base\3D_Base022_Reaction001\3D_Base022_Reaction001.pdb (Full PDB)
